app/build/intermediates/manifest_merge_blame_file/release/processReleaseMainManifest/manifest-merger-blame-release-report.txt
1<?xml version="1.0" encoding="utf-8"?>
2<manifest xmlns:android="http://schemas.android.com/apk/res/android"
3    package="com.example.bingwallpaper"
4    android:versionCode="1"
5    android:versionName="1.0" >
6
7    <uses-sdk
7-->INJECTED
8        android:minSdkVersion="30"
8-->INJECTED
9        android:targetSdkVersion="37" />
9-->INJECTED
10
11    <!-- 联网获取必应每日图片 -->
12    <uses-permission android:name="android.permission.INTERNET" />
12-->src\main\AndroidManifest.xml:5:5-67
12-->src\main\AndroidManifest.xml:5:22-64
13    <uses-permission android:name="android.permission.ACCESS_NETWORK_STATE" />
13-->src\main\AndroidManifest.xml:6:5-79
13-->src\main\AndroidManifest.xml:6:22-76
14    <!-- 设置壁纸(普通权限,无需运行时申请) -->
15    <uses-permission android:name="android.permission.SET_WALLPAPER" />
15-->src\main\AndroidManifest.xml:8:5-72
15-->src\main\AndroidManifest.xml:8:22-69
16    <uses-permission android:name="android.permission.SET_WALLPAPER_HINTS" />
16-->src\main\AndroidManifest.xml:9:5-78
16-->src\main\AndroidManifest.xml:9:22-75
17    <uses-permission android:name="android.permission.WAKE_LOCK" />
17-->[androidx.work:work-runtime:2.11.2] AndroidManifest.xml:23:5-68
17-->[androidx.work:work-runtime:2.11.2] AndroidManifest.xml:23:22-65
18    <uses-permission android:name="android.permission.RECEIVE_BOOT_COMPLETED" />
18-->[androidx.work:work-runtime:2.11.2] AndroidManifest.xml:25:5-81
18-->[androidx.work:work-runtime:2.11.2] AndroidManifest.xml:25:22-78
19    <uses-permission android:name="android.permission.FOREGROUND_SERVICE" />
19-->[androidx.work:work-runtime:2.11.2] AndroidManifest.xml:26:5-77
19-->[androidx.work:work-runtime:2.11.2] AndroidManifest.xml:26:22-74
20
21    <permission
21-->[androidx.core:core:1.19.0] AndroidManifest.xml:22:5-24:47
22        android:name="com.example.bingwallpaper.DYNAMIC_RECEIVER_NOT_EXPORTED_PERMISSION"
22-->[androidx.core:core:1.19.0] AndroidManifest.xml:23:9-81
23        android:protectionLevel="signature" />
23-->[androidx.core:core:1.19.0] AndroidManifest.xml:24:9-44
24
25    <uses-permission android:name="com.example.bingwallpaper.DYNAMIC_RECEIVER_NOT_EXPORTED_PERMISSION" /> <!-- 开机后 WorkManager 会自动恢复周期任务,无需额外声明 RECEIVE_BOOT_COMPLETED -->
25-->[androidx.core:core:1.19.0] AndroidManifest.xml:26:5-97
25-->[androidx.core:core:1.19.0] AndroidManifest.xml:26:22-94
26    <application
26-->src\main\AndroidManifest.xml:12:5-48:19
27        android:name="com.example.bingwallpaper.BingWallpaperApp"
27-->src\main\AndroidManifest.xml:13:9-41
28        android:allowBackup="true"
28-->src\main\AndroidManifest.xml:14:9-35
29        android:appComponentFactory="androidx.core.app.CoreComponentFactory"
29-->[androidx.core:core:1.19.0] AndroidManifest.xml:28:18-86
30        android:extractNativeLibs="false"
30-->INJECTED
31        android:icon="@mipmap/ic_launcher"
31-->src\main\AndroidManifest.xml:16:9-43
32        android:label="@string/app_name"
32-->src\main\AndroidManifest.xml:15:9-41
33        android:localeConfig="@xml/_generated_res_locale_config"
34        android:theme="@style/Theme.BingWallpaper"
34-->src\main\AndroidManifest.xml:17:9-51
35        android:usesCleartextTraffic="false" >
35-->src\main\AndroidManifest.xml:18:9-45
36        <activity
36-->src\main\AndroidManifest.xml:20:9-27:20
37            android:name="com.example.bingwallpaper.MainActivity"
37-->src\main\AndroidManifest.xml:21:13-41
38            android:exported="true" >
38-->src\main\AndroidManifest.xml:22:13-36
39            <intent-filter>
39-->src\main\AndroidManifest.xml:23:13-26:29
40                <action android:name="android.intent.action.MAIN" />
40-->src\main\AndroidManifest.xml:24:17-69
40-->src\main\AndroidManifest.xml:24:25-66
41
42                <category android:name="android.intent.category.LAUNCHER" />
42-->src\main\AndroidManifest.xml:25:17-77
42-->src\main\AndroidManifest.xml:25:27-74
43            </intent-filter>
44        </activity>
45        <activity
45-->src\main\AndroidManifest.xml:29:9-32:58
46            android:name="com.example.bingwallpaper.ViewerActivity"
46-->src\main\AndroidManifest.xml:30:13-43
47            android:exported="false"
47-->src\main\AndroidManifest.xml:31:13-37
48            android:theme="@style/Theme.BingWallpaper" />
48-->src\main\AndroidManifest.xml:32:13-55
49        <activity
49-->src\main\AndroidManifest.xml:34:9-37:58
50            android:name="com.example.bingwallpaper.SettingsActivity"
50-->src\main\AndroidManifest.xml:35:13-45
51            android:exported="false"
51-->src\main\AndroidManifest.xml:36:13-37
52            android:theme="@style/Theme.BingWallpaper" />
52-->src\main\AndroidManifest.xml:37:13-55
53
54        <service
54-->src\main\AndroidManifest.xml:39:9-46:19
55            android:name="androidx.appcompat.app.AppLocalesMetadataHolderService"
55-->src\main\AndroidManifest.xml:40:13-82
56            android:enabled="false"
56-->src\main\AndroidManifest.xml:41:13-36
57            android:exported="false" >
57-->src\main\AndroidManifest.xml:42:13-37
58            <meta-data
58-->src\main\AndroidManifest.xml:43:13-45:40
59                android:name="autoStoreLocales"
59-->src\main\AndroidManifest.xml:44:17-48
60                android:value="true" />
60-->src\main\AndroidManifest.xml:45:17-37
61        </service>
62
63        <provider
63-->[androidx.emoji2:emoji2:1.3.0] AndroidManifest.xml:24:9-32:20
64            android:name="androidx.startup.InitializationProvider"
64-->[androidx.emoji2:emoji2:1.3.0] AndroidManifest.xml:25:13-67
65            android:authorities="com.example.bingwallpaper.androidx-startup"
65-->[androidx.emoji2:emoji2:1.3.0] AndroidManifest.xml:26:13-68
66            android:exported="false" >
66-->[androidx.emoji2:emoji2:1.3.0] AndroidManifest.xml:27:13-37
67            <meta-data
67-->[androidx.emoji2:emoji2:1.3.0] AndroidManifest.xml:29:13-31:52
68                android:name="androidx.emoji2.text.EmojiCompatInitializer"
68-->[androidx.emoji2:emoji2:1.3.0] AndroidManifest.xml:30:17-75
69                android:value="androidx.startup" />
69-->[androidx.emoji2:emoji2:1.3.0] AndroidManifest.xml:31:17-49
70            <meta-data
70-->[androidx.work:work-runtime:2.11.2] AndroidManifest.xml:34:13-36:52
71                android:name="androidx.work.WorkManagerInitializer"
71-->[androidx.work:work-runtime:2.11.2] AndroidManifest.xml:35:17-68
72                android:value="androidx.startup" />
72-->[androidx.work:work-runtime:2.11.2] AndroidManifest.xml:36:17-49
73            <meta-data
73-->[androidx.lifecycle:lifecycle-process:2.6.2] AndroidManifest.xml:29:13-31:52
74                android:name="androidx.lifecycle.ProcessLifecycleInitializer"
74-->[androidx.lifecycle:lifecycle-process:2.6.2] AndroidManifest.xml:30:17-78
75                android:value="androidx.startup" />
75-->[androidx.lifecycle:lifecycle-process:2.6.2] AndroidManifest.xml:31:17-49
76            <meta-data
76-->[androidx.profileinstaller:profileinstaller:1.4.0] AndroidManifest.xml:29:13-31:52
77                android:name="androidx.profileinstaller.ProfileInstallerInitializer"
77-->[androidx.profileinstaller:profileinstaller:1.4.0] AndroidManifest.xml:30:17-85
78                android:value="androidx.startup" />
78-->[androidx.profileinstaller:profileinstaller:1.4.0] AndroidManifest.xml:31:17-49
79        </provider>
80
81        <service
81-->[androidx.work:work-runtime:2.11.2] AndroidManifest.xml:39:9-45:35
82            android:name="androidx.work.impl.background.systemjob.SystemJobService"
82-->[androidx.work:work-runtime:2.11.2] AndroidManifest.xml:40:13-84
83            android:directBootAware="false"
83-->[androidx.work:work-runtime:2.11.2] AndroidManifest.xml:41:13-44
84            android:enabled="@bool/enable_system_job_service_default"
84-->[androidx.work:work-runtime:2.11.2] AndroidManifest.xml:42:13-70
85            android:exported="true"
85-->[androidx.work:work-runtime:2.11.2] AndroidManifest.xml:43:13-36
86            android:permission="android.permission.BIND_JOB_SERVICE" />
86-->[androidx.work:work-runtime:2.11.2] AndroidManifest.xml:44:13-69
87        <service
87-->[androidx.work:work-runtime:2.11.2] AndroidManifest.xml:46:9-52:35
88            android:name="androidx.work.impl.foreground.SystemForegroundService"
88-->[androidx.work:work-runtime:2.11.2] AndroidManifest.xml:47:13-81
89            android:directBootAware="false"
89-->[androidx.work:work-runtime:2.11.2] AndroidManifest.xml:48:13-44
90            android:enabled="@bool/enable_system_foreground_service_default"
90-->[androidx.work:work-runtime:2.11.2] AndroidManifest.xml:49:13-77
91            android:exported="false" />
91-->[androidx.work:work-runtime:2.11.2] AndroidManifest.xml:50:13-37
92
93        <receiver
93-->[androidx.work:work-runtime:2.11.2] AndroidManifest.xml:54:9-59:35
94            android:name="androidx.work.impl.utils.ForceStopRunnable$BroadcastReceiver"
94-->[androidx.work:work-runtime:2.11.2] AndroidManifest.xml:55:13-88
95            android:directBootAware="false"
95-->[androidx.work:work-runtime:2.11.2] AndroidManifest.xml:56:13-44
96            android:enabled="true"
96-->[androidx.work:work-runtime:2.11.2] AndroidManifest.xml:57:13-35
97            android:exported="false" />
97-->[androidx.work:work-runtime:2.11.2] AndroidManifest.xml:58:13-37
98        <receiver
98-->[androidx.work:work-runtime:2.11.2] AndroidManifest.xml:60:9-69:20
99            android:name="androidx.work.impl.background.systemalarm.RescheduleReceiver"
99-->[androidx.work:work-runtime:2.11.2] AndroidManifest.xml:61:13-88
100            android:directBootAware="false"
100-->[androidx.work:work-runtime:2.11.2] AndroidManifest.xml:62:13-44
101            android:enabled="false"
101-->[androidx.work:work-runtime:2.11.2] AndroidManifest.xml:63:13-36
102            android:exported="false" >
102-->[androidx.work:work-runtime:2.11.2] AndroidManifest.xml:64:13-37
103            <intent-filter>
103-->[androidx.work:work-runtime:2.11.2] AndroidManifest.xml:66:13-68:29
104                <action android:name="android.intent.action.BOOT_COMPLETED" />
104-->[androidx.work:work-runtime:2.11.2] AndroidManifest.xml:67:17-79
104-->[androidx.work:work-runtime:2.11.2] AndroidManifest.xml:67:25-76
105            </intent-filter>
106        </receiver>
107        <receiver
107-->[androidx.work:work-runtime:2.11.2] AndroidManifest.xml:70:9-80:20
108            android:name="androidx.work.impl.diagnostics.DiagnosticsReceiver"
108-->[androidx.work:work-runtime:2.11.2] AndroidManifest.xml:71:13-78
109            android:directBootAware="false"
109-->[androidx.work:work-runtime:2.11.2] AndroidManifest.xml:72:13-44
110            android:enabled="true"
110-->[androidx.work:work-runtime:2.11.2] AndroidManifest.xml:73:13-35
111            android:exported="true"
111-->[androidx.work:work-runtime:2.11.2] AndroidManifest.xml:74:13-36
112            android:permission="android.permission.DUMP" >
112-->[androidx.work:work-runtime:2.11.2] AndroidManifest.xml:75:13-57
113            <intent-filter>
113-->[androidx.work:work-runtime:2.11.2] AndroidManifest.xml:77:13-79:29
114                <action android:name="androidx.work.diagnostics.REQUEST_DIAGNOSTICS" />
114-->[androidx.work:work-runtime:2.11.2] AndroidManifest.xml:78:17-88
114-->[androidx.work:work-runtime:2.11.2] AndroidManifest.xml:78:25-85
115            </intent-filter>
116        </receiver>
117
118        <service
118-->[androidx.room:room-runtime-android:2.8.4] AndroidManifest.xml:24:9-28:63
119            android:name="androidx.room.MultiInstanceInvalidationService"
119-->[androidx.room:room-runtime-android:2.8.4] AndroidManifest.xml:25:13-74
120            android:directBootAware="true"
120-->[androidx.room:room-runtime-android:2.8.4] AndroidManifest.xml:26:13-43
121            android:exported="false" />
121-->[androidx.room:room-runtime-android:2.8.4] AndroidManifest.xml:27:13-37
122
123        <receiver
123-->[androidx.profileinstaller:profileinstaller:1.4.0] AndroidManifest.xml:34:9-52:20
124            android:name="androidx.profileinstaller.ProfileInstallReceiver"
124-->[androidx.profileinstaller:profileinstaller:1.4.0] AndroidManifest.xml:35:13-76
125            android:directBootAware="false"
125-->[androidx.profileinstaller:profileinstaller:1.4.0] AndroidManifest.xml:36:13-44
126            android:enabled="true"
126-->[androidx.profileinstaller:profileinstaller:1.4.0] AndroidManifest.xml:37:13-35
127            android:exported="true"
127-->[androidx.profileinstaller:profileinstaller:1.4.0] AndroidManifest.xml:38:13-36
128            android:permission="android.permission.DUMP" >
128-->[androidx.profileinstaller:profileinstaller:1.4.0] AndroidManifest.xml:39:13-57
129            <intent-filter>
129-->[androidx.profileinstaller:profileinstaller:1.4.0] AndroidManifest.xml:40:13-42:29
130                <action android:name="androidx.profileinstaller.action.INSTALL_PROFILE" />
130-->[androidx.profileinstaller:profileinstaller:1.4.0] AndroidManifest.xml:41:17-91
130-->[androidx.profileinstaller:profileinstaller:1.4.0] AndroidManifest.xml:41:25-88
131            </intent-filter>
132            <intent-filter>
132-->[androidx.profileinstaller:profileinstaller:1.4.0] AndroidManifest.xml:43:13-45:29
133                <action android:name="androidx.profileinstaller.action.SKIP_FILE" />
133-->[androidx.profileinstaller:profileinstaller:1.4.0] AndroidManifest.xml:44:17-85
133-->[androidx.profileinstaller:profileinstaller:1.4.0] AndroidManifest.xml:44:25-82
134            </intent-filter>
135            <intent-filter>
135-->[androidx.profileinstaller:profileinstaller:1.4.0] AndroidManifest.xml:46:13-48:29
136                <action android:name="androidx.profileinstaller.action.SAVE_PROFILE" />
136-->[androidx.profileinstaller:profileinstaller:1.4.0] AndroidManifest.xml:47:17-88
136-->[androidx.profileinstaller:profileinstaller:1.4.0] AndroidManifest.xml:47:25-85
137            </intent-filter>
138            <intent-filter>
138-->[androidx.profileinstaller:profileinstaller:1.4.0] AndroidManifest.xml:49:13-51:29
139                <action android:name="androidx.profileinstaller.action.BENCHMARK_OPERATION" />
139-->[androidx.profileinstaller:profileinstaller:1.4.0] AndroidManifest.xml:50:17-95
139-->[androidx.profileinstaller:profileinstaller:1.4.0] AndroidManifest.xml:50:25-92
140            </intent-filter>
141        </receiver>
142    </application>
143
144</manifest>